\BOOKMARK [0][-]{chapter.1}{\376\377\0001\000\040\000R\000o\000z\000u\000m\000\040\000R\000o\000b\000o\000t\000i\000c\000s\000\040\000U\000s\000e\000r\000\040\000A\000P\000I\000\040\000\046\000\040\000S\000e\000r\000v\000o\000\040\000B\000o\000x}{}% 1
\BOOKMARK [1][-]{section.1.1}{\376\377\0001\000.\0001\000\040\000S\000e\000r\000v\000o\000\040\000b\000o\000x}{chapter.1}% 2
\BOOKMARK [1][-]{section.1.2}{\376\377\0001\000.\0002\000\040\000A\000P\000I\000\040\000C\000a\000t\000e\000g\000o\000r\000i\000e\000s}{chapter.1}% 3
\BOOKMARK [1][-]{section.1.3}{\376\377\0001\000.\0003\000\040\000A\000P\000I\000\040\000T\000u\000t\000o\000r\000i\000a\000l\000s}{chapter.1}% 4
\BOOKMARK [0][-]{chapter.2}{\376\377\0002\000\040\000M\000o\000d\000u\000l\000e\000\040\000I\000n\000d\000e\000x}{}% 5
\BOOKMARK [1][-]{section.2.1}{\376\377\0002\000.\0001\000\040\000M\000o\000d\000u\000l\000e\000s}{chapter.2}% 6
\BOOKMARK [0][-]{chapter.3}{\376\377\0003\000\040\000C\000l\000a\000s\000s\000\040\000I\000n\000d\000e\000x}{}% 7
\BOOKMARK [1][-]{section.3.1}{\376\377\0003\000.\0001\000\040\000C\000l\000a\000s\000s\000\040\000L\000i\000s\000t}{chapter.3}% 8
\BOOKMARK [0][-]{chapter.4}{\376\377\0004\000\040\000F\000i\000l\000e\000\040\000I\000n\000d\000e\000x}{}% 9
\BOOKMARK [1][-]{section.4.1}{\376\377\0004\000.\0001\000\040\000F\000i\000l\000e\000\040\000L\000i\000s\000t}{chapter.4}% 10
\BOOKMARK [0][-]{chapter.5}{\376\377\0005\000\040\000M\000o\000d\000u\000l\000e\000\040\000D\000o\000c\000u\000m\000e\000n\000t\000a\000t\000i\000o\000n}{}% 11
\BOOKMARK [1][-]{section.5.1}{\376\377\0005\000.\0001\000\040\000I\000n\000i\000t\000i\000a\000l\000i\000z\000a\000t\000i\000o\000n\000\040\000a\000n\000d\000\040\000d\000e\000i\000n\000i\000t\000i\000a\000l\000i\000z\000a\000t\000i\000o\000n}{chapter.5}% 12
\BOOKMARK [2][-]{subsection.5.1.1}{\376\377\0005\000.\0001\000.\0001\000\040\000D\000e\000t\000a\000i\000l\000e\000d\000\040\000D\000e\000s\000c\000r\000i\000p\000t\000i\000o\000n}{section.5.1}% 13
\BOOKMARK [2][-]{subsection.5.1.2}{\376\377\0005\000.\0001\000.\0002\000\040\000F\000u\000n\000c\000t\000i\000o\000n\000\040\000D\000o\000c\000u\000m\000e\000n\000t\000a\000t\000i\000o\000n}{section.5.1}% 14
\BOOKMARK [3][-]{subsubsection.5.1.2.1}{\376\377\0005\000.\0001\000.\0002\000.\0001\000\040\000r\000r\000\137\000d\000e\000i\000n\000i\000t\000\137\000i\000n\000t\000e\000r\000f\000a\000c\000e\000\050\000\051}{subsection.5.1.2}% 15
\BOOKMARK [3][-]{subsubsection.5.1.2.2}{\376\377\0005\000.\0001\000.\0002\000.\0002\000\040\000r\000r\000\137\000d\000e\000i\000n\000i\000t\000\137\000s\000e\000r\000v\000o\000\050\000\051}{subsection.5.1.2}% 16
\BOOKMARK [3][-]{subsubsection.5.1.2.3}{\376\377\0005\000.\0001\000.\0002\000.\0003\000\040\000r\000r\000\137\000i\000n\000i\000t\000\137\000i\000n\000t\000e\000r\000f\000a\000c\000e\000\050\000\051}{subsection.5.1.2}% 17
\BOOKMARK [3][-]{subsubsection.5.1.2.4}{\376\377\0005\000.\0001\000.\0002\000.\0004\000\040\000r\000r\000\137\000i\000n\000i\000t\000\137\000s\000e\000r\000v\000o\000\050\000\051}{subsection.5.1.2}% 18
\BOOKMARK [1][-]{section.5.2}{\376\377\0005\000.\0002\000\040\000S\000w\000i\000t\000c\000h\000i\000n\000g\000\040\000s\000e\000r\000v\000o\000\040\000w\000o\000r\000k\000i\000n\000g\000\040\000s\000t\000a\000t\000e\000s}{chapter.5}% 19
\BOOKMARK [2][-]{subsection.5.2.1}{\376\377\0005\000.\0002\000.\0001\000\040\000D\000e\000t\000a\000i\000l\000e\000d\000\040\000D\000e\000s\000c\000r\000i\000p\000t\000i\000o\000n}{section.5.2}% 20
\BOOKMARK [2][-]{subsection.5.2.2}{\376\377\0005\000.\0002\000.\0002\000\040\000F\000u\000n\000c\000t\000i\000o\000n\000\040\000D\000o\000c\000u\000m\000e\000n\000t\000a\000t\000i\000o\000n}{section.5.2}% 21
\BOOKMARK [3][-]{subsubsection.5.2.2.1}{\376\377\0005\000.\0002\000.\0002\000.\0001\000\040\000r\000r\000\137\000d\000e\000s\000c\000r\000i\000b\000e\000\137\000n\000m\000t\000\050\000\051}{subsection.5.2.2}% 22
\BOOKMARK [3][-]{subsubsection.5.2.2.2}{\376\377\0005\000.\0002\000.\0002\000.\0002\000\040\000r\000r\000\137\000n\000e\000t\000\137\000r\000e\000b\000o\000o\000t\000\050\000\051}{subsection.5.2.2}% 23
\BOOKMARK [3][-]{subsubsection.5.2.2.3}{\376\377\0005\000.\0002\000.\0002\000.\0003\000\040\000r\000r\000\137\000n\000e\000t\000\137\000r\000e\000s\000e\000t\000\137\000c\000o\000m\000m\000u\000n\000i\000c\000a\000t\000i\000o\000n\000\050\000\051}{subsection.5.2.2}% 24
\BOOKMARK [3][-]{subsubsection.5.2.2.4}{\376\377\0005\000.\0002\000.\0002\000.\0004\000\040\000r\000r\000\137\000n\000e\000t\000\137\000s\000e\000t\000\137\000s\000t\000a\000t\000e\000\137\000o\000p\000e\000r\000a\000t\000i\000o\000n\000a\000l\000\050\000\051}{subsection.5.2.2}% 25
\BOOKMARK [3][-]{subsubsection.5.2.2.5}{\376\377\0005\000.\0002\000.\0002\000.\0005\000\040\000r\000r\000\137\000n\000e\000t\000\137\000s\000e\000t\000\137\000s\000t\000a\000t\000e\000\137\000p\000r\000e\000\137\000o\000p\000e\000r\000a\000t\000i\000o\000n\000a\000l\000\050\000\051}{subsection.5.2.2}% 26
\BOOKMARK [3][-]{subsubsection.5.2.2.6}{\376\377\0005\000.\0002\000.\0002\000.\0006\000\040\000r\000r\000\137\000n\000e\000t\000\137\000s\000e\000t\000\137\000s\000t\000a\000t\000e\000\137\000s\000t\000o\000p\000p\000e\000d\000\050\000\051}{subsection.5.2.2}% 27
\BOOKMARK [3][-]{subsubsection.5.2.2.7}{\376\377\0005\000.\0002\000.\0002\000.\0007\000\040\000r\000r\000\137\000s\000e\000r\000v\000o\000\137\000r\000e\000b\000o\000o\000t\000\050\000\051}{subsection.5.2.2}% 28
\BOOKMARK [3][-]{subsubsection.5.2.2.8}{\376\377\0005\000.\0002\000.\0002\000.\0008\000\040\000r\000r\000\137\000s\000e\000r\000v\000o\000\137\000r\000e\000s\000e\000t\000\137\000c\000o\000m\000m\000u\000n\000i\000c\000a\000t\000i\000o\000n\000\050\000\051}{subsection.5.2.2}% 29
\BOOKMARK [3][-]{subsubsection.5.2.2.9}{\376\377\0005\000.\0002\000.\0002\000.\0009\000\040\000r\000r\000\137\000s\000e\000r\000v\000o\000\137\000s\000e\000t\000\137\000s\000t\000a\000t\000e\000\137\000o\000p\000e\000r\000a\000t\000i\000o\000n\000a\000l\000\050\000\051}{subsection.5.2.2}% 30
\BOOKMARK [3][-]{subsubsection.5.2.2.10}{\376\377\0005\000.\0002\000.\0002\000.\0001\0000\000\040\000r\000r\000\137\000s\000e\000r\000v\000o\000\137\000s\000e\000t\000\137\000s\000t\000a\000t\000e\000\137\000p\000r\000e\000\137\000o\000p\000e\000r\000a\000t\000i\000o\000n\000a\000l\000\050\000\051}{subsection.5.2.2}% 31
\BOOKMARK [3][-]{subsubsection.5.2.2.11}{\376\377\0005\000.\0002\000.\0002\000.\0001\0001\000\040\000r\000r\000\137\000s\000e\000r\000v\000o\000\137\000s\000e\000t\000\137\000s\000t\000a\000t\000e\000\137\000s\000t\000o\000p\000p\000e\000d\000\050\000\051}{subsection.5.2.2}% 32
\BOOKMARK [3][-]{subsubsection.5.2.2.12}{\376\377\0005\000.\0002\000.\0002\000.\0001\0002\000\040\000r\000r\000\137\000s\000e\000t\000u\000p\000\137\000n\000m\000t\000\137\000c\000a\000l\000l\000b\000a\000c\000k\000\050\000\051}{subsection.5.2.2}% 33
\BOOKMARK [1][-]{section.5.3}{\376\377\0005\000.\0003\000\040\000S\000i\000m\000p\000l\000e\000\040\000m\000o\000t\000i\000o\000n\000\040\000c\000o\000n\000t\000r\000o\000l\000\040\000\050\000d\000u\000t\000y\000,\000\040\000c\000u\000r\000r\000e\000n\000t\000,\000\040\000v\000e\000l\000o\000c\000i\000t\000y\000,\000\040\000p\000o\000s\000i\000t\000i\000o\000n\000\051}{chapter.5}% 34
\BOOKMARK [2][-]{subsection.5.3.1}{\376\377\0005\000.\0003\000.\0001\000\040\000D\000e\000t\000a\000i\000l\000e\000d\000\040\000D\000e\000s\000c\000r\000i\000p\000t\000i\000o\000n}{section.5.3}% 35
\BOOKMARK [2][-]{subsection.5.3.2}{\376\377\0005\000.\0003\000.\0002\000\040\000F\000u\000n\000c\000t\000i\000o\000n\000\040\000D\000o\000c\000u\000m\000e\000n\000t\000a\000t\000i\000o\000n}{section.5.3}% 36
\BOOKMARK [3][-]{subsubsection.5.3.2.1}{\376\377\0005\000.\0003\000.\0002\000.\0001\000\040\000r\000r\000\137\000s\000e\000t\000\137\000c\000u\000r\000r\000e\000n\000t\000\050\000\051}{subsection.5.3.2}% 37
\BOOKMARK [3][-]{subsubsection.5.3.2.2}{\376\377\0005\000.\0003\000.\0002\000.\0002\000\040\000r\000r\000\137\000s\000e\000t\000\137\000d\000u\000t\000y\000\050\000\051}{subsection.5.3.2}% 38
\BOOKMARK [3][-]{subsubsection.5.3.2.3}{\376\377\0005\000.\0003\000.\0002\000.\0003\000\040\000r\000r\000\137\000s\000e\000t\000\137\000p\000o\000s\000i\000t\000i\000o\000n\000\050\000\051}{subsection.5.3.2}% 39
\BOOKMARK [3][-]{subsubsection.5.3.2.4}{\376\377\0005\000.\0003\000.\0002\000.\0004\000\040\000r\000r\000\137\000s\000e\000t\000\137\000p\000o\000s\000i\000t\000i\000o\000n\000\137\000w\000i\000t\000h\000\137\000l\000i\000m\000i\000t\000s\000\050\000\051}{subsection.5.3.2}% 40
\BOOKMARK [3][-]{subsubsection.5.3.2.5}{\376\377\0005\000.\0003\000.\0002\000.\0005\000\040\000r\000r\000\137\000s\000e\000t\000\137\000v\000e\000l\000o\000c\000i\000t\000y\000\050\000\051}{subsection.5.3.2}% 41
\BOOKMARK [3][-]{subsubsection.5.3.2.6}{\376\377\0005\000.\0003\000.\0002\000.\0006\000\040\000r\000r\000\137\000s\000e\000t\000\137\000v\000e\000l\000o\000c\000i\000t\000y\000\137\000w\000i\000t\000h\000\137\000l\000i\000m\000i\000t\000s\000\050\000\051}{subsection.5.3.2}% 42
\BOOKMARK [3][-]{subsubsection.5.3.2.7}{\376\377\0005\000.\0003\000.\0002\000.\0007\000\040\000r\000r\000\137\000s\000t\000o\000p\000\137\000a\000n\000d\000\137\000f\000r\000e\000e\000z\000e\000\050\000\051}{subsection.5.3.2}% 43
\BOOKMARK [3][-]{subsubsection.5.3.2.8}{\376\377\0005\000.\0003\000.\0002\000.\0008\000\040\000r\000r\000\137\000s\000t\000o\000p\000\137\000a\000n\000d\000\137\000r\000e\000l\000e\000a\000s\000e\000\050\000\051}{subsection.5.3.2}% 44
\BOOKMARK [1][-]{section.5.4}{\376\377\0005\000.\0004\000\040\000T\000r\000a\000j\000e\000c\000t\000o\000r\000y\000\040\000m\000o\000t\000i\000o\000n\000\040\000c\000o\000n\000t\000r\000o\000l\000\040\000\050\000P\000V\000T\000\051}{chapter.5}% 45
\BOOKMARK [2][-]{subsection.5.4.1}{\376\377\0005\000.\0004\000.\0001\000\040\000D\000e\000t\000a\000i\000l\000e\000d\000\040\000D\000e\000s\000c\000r\000i\000p\000t\000i\000o\000n}{section.5.4}% 46
\BOOKMARK [2][-]{subsection.5.4.2}{\376\377\0005\000.\0004\000.\0002\000\040\000F\000u\000n\000c\000t\000i\000o\000n\000\040\000D\000o\000c\000u\000m\000e\000n\000t\000a\000t\000i\000o\000n}{section.5.4}% 47
\BOOKMARK [3][-]{subsubsection.5.4.2.1}{\376\377\0005\000.\0004\000.\0002\000.\0001\000\040\000r\000r\000\137\000a\000d\000d\000\137\000m\000o\000t\000i\000o\000n\000\137\000p\000o\000i\000n\000t\000\050\000\051}{subsection.5.4.2}% 48
\BOOKMARK [3][-]{subsubsection.5.4.2.2}{\376\377\0005\000.\0004\000.\0002\000.\0002\000\040\000r\000r\000\137\000c\000l\000e\000a\000r\000\137\000p\000o\000i\000n\000t\000s\000\050\000\051}{subsection.5.4.2}% 49
\BOOKMARK [3][-]{subsubsection.5.4.2.3}{\376\377\0005\000.\0004\000.\0002\000.\0003\000\040\000r\000r\000\137\000c\000l\000e\000a\000r\000\137\000p\000o\000i\000n\000t\000s\000\137\000a\000l\000l\000\050\000\051}{subsection.5.4.2}% 50
\BOOKMARK [3][-]{subsubsection.5.4.2.4}{\376\377\0005\000.\0004\000.\0002\000.\0004\000\040\000r\000r\000\137\000g\000e\000t\000\137\000p\000o\000i\000n\000t\000s\000\137\000f\000r\000e\000e\000\137\000s\000p\000a\000c\000e\000\050\000\051}{subsection.5.4.2}% 51
\BOOKMARK [3][-]{subsubsection.5.4.2.5}{\376\377\0005\000.\0004\000.\0002\000.\0005\000\040\000r\000r\000\137\000g\000e\000t\000\137\000p\000o\000i\000n\000t\000s\000\137\000s\000i\000z\000e\000\050\000\051}{subsection.5.4.2}% 52
\BOOKMARK [3][-]{subsubsection.5.4.2.6}{\376\377\0005\000.\0004\000.\0002\000.\0006\000\040\000r\000r\000\137\000g\000e\000t\000\137\000t\000i\000m\000e\000\137\000c\000a\000l\000c\000u\000l\000a\000t\000i\000o\000n\000\137\000r\000e\000s\000u\000l\000t\000\050\000\051}{subsection.5.4.2}% 53
\BOOKMARK [3][-]{subsubsection.5.4.2.7}{\376\377\0005\000.\0004\000.\0002\000.\0007\000\040\000r\000r\000\137\000i\000n\000v\000o\000k\000e\000\137\000t\000i\000m\000e\000\137\000c\000a\000l\000c\000u\000l\000a\000t\000i\000o\000n\000\050\000\051}{subsection.5.4.2}% 54
\BOOKMARK [3][-]{subsubsection.5.4.2.8}{\376\377\0005\000.\0004\000.\0002\000.\0008\000\040\000r\000r\000\137\000s\000t\000a\000r\000t\000\137\000m\000o\000t\000i\000o\000n\000\050\000\051}{subsection.5.4.2}% 55
\BOOKMARK [1][-]{section.5.5}{\376\377\0005\000.\0005\000\040\000R\000e\000a\000d\000i\000n\000g\000\040\000a\000n\000d\000\040\000w\000r\000i\000t\000i\000n\000g\000\040\000s\000e\000r\000v\000o\000\040\000c\000o\000n\000f\000i\000g\000u\000r\000a\000t\000i\000o\000n}{chapter.5}% 56
\BOOKMARK [2][-]{subsection.5.5.1}{\376\377\0005\000.\0005\000.\0001\000\040\000D\000e\000t\000a\000i\000l\000e\000d\000\040\000D\000e\000s\000c\000r\000i\000p\000t\000i\000o\000n}{section.5.5}% 57
\BOOKMARK [2][-]{subsection.5.5.2}{\376\377\0005\000.\0005\000.\0002\000\040\000F\000u\000n\000c\000t\000i\000o\000n\000\040\000D\000o\000c\000u\000m\000e\000n\000t\000a\000t\000i\000o\000n}{section.5.5}% 58
\BOOKMARK [3][-]{subsubsection.5.5.2.1}{\376\377\0005\000.\0005\000.\0002\000.\0001\000\040\000r\000r\000\137\000g\000e\000t\000\137\000m\000a\000x\000\137\000v\000e\000l\000o\000c\000i\000t\000y\000\050\000\051}{subsection.5.5.2}% 59
\BOOKMARK [3][-]{subsubsection.5.5.2.2}{\376\377\0005\000.\0005\000.\0002\000.\0002\000\040\000r\000r\000\137\000s\000e\000t\000\137\000m\000a\000x\000\137\000v\000e\000l\000o\000c\000i\000t\000y\000\050\000\051}{subsection.5.5.2}% 60
\BOOKMARK [3][-]{subsubsection.5.5.2.3}{\376\377\0005\000.\0005\000.\0002\000.\0003\000\040\000r\000r\000\137\000s\000e\000t\000\137\000z\000e\000r\000o\000\137\000p\000o\000s\000i\000t\000i\000o\000n\000\050\000\051}{subsection.5.5.2}% 61
\BOOKMARK [3][-]{subsubsection.5.5.2.4}{\376\377\0005\000.\0005\000.\0002\000.\0004\000\040\000r\000r\000\137\000s\000e\000t\000\137\000z\000e\000r\000o\000\137\000p\000o\000s\000i\000t\000i\000o\000n\000\137\000a\000n\000d\000\137\000s\000a\000v\000e\000\050\000\051}{subsection.5.5.2}% 62
\BOOKMARK [1][-]{section.5.6}{\376\377\0005\000.\0006\000\040\000R\000e\000a\000d\000i\000n\000g\000\040\000r\000e\000a\000l\000t\000i\000m\000e\000\040\000p\000a\000r\000a\000m\000e\000t\000e\000r}{chapter.5}% 63
\BOOKMARK [2][-]{subsection.5.6.1}{\376\377\0005\000.\0006\000.\0001\000\040\000D\000e\000t\000a\000i\000l\000e\000d\000\040\000D\000e\000s\000c\000r\000i\000p\000t\000i\000o\000n}{section.5.6}% 64
\BOOKMARK [2][-]{subsection.5.6.2}{\376\377\0005\000.\0006\000.\0002\000\040\000F\000u\000n\000c\000t\000i\000o\000n\000\040\000D\000o\000c\000u\000m\000e\000n\000t\000a\000t\000i\000o\000n}{section.5.6}% 65
\BOOKMARK [3][-]{subsubsection.5.6.2.1}{\376\377\0005\000.\0006\000.\0002\000.\0001\000\040\000r\000r\000\137\000p\000a\000r\000a\000m\000\137\000c\000a\000c\000h\000e\000\137\000s\000e\000t\000u\000p\000\137\000e\000n\000t\000r\000y\000\050\000\051}{subsection.5.6.2}% 66
\BOOKMARK [3][-]{subsubsection.5.6.2.2}{\376\377\0005\000.\0006\000.\0002\000.\0002\000\040\000r\000r\000\137\000p\000a\000r\000a\000m\000\137\000c\000a\000c\000h\000e\000\137\000u\000p\000d\000a\000t\000e\000\050\000\051}{subsection.5.6.2}% 67
\BOOKMARK [3][-]{subsubsection.5.6.2.3}{\376\377\0005\000.\0006\000.\0002\000.\0003\000\040\000r\000r\000\137\000r\000e\000a\000d\000\137\000c\000a\000c\000h\000e\000d\000\137\000p\000a\000r\000a\000m\000e\000t\000e\000r\000\050\000\051}{subsection.5.6.2}% 68
\BOOKMARK [3][-]{subsubsection.5.6.2.4}{\376\377\0005\000.\0006\000.\0002\000.\0004\000\040\000r\000r\000\137\000r\000e\000a\000d\000\137\000p\000a\000r\000a\000m\000e\000t\000e\000r\000\050\000\051}{subsection.5.6.2}% 69
\BOOKMARK [1][-]{section.5.7}{\376\377\0005\000.\0007\000\040\000E\000r\000r\000o\000r\000\040\000h\000a\000n\000d\000l\000i\000n\000g}{chapter.5}% 70
\BOOKMARK [2][-]{subsection.5.7.1}{\376\377\0005\000.\0007\000.\0001\000\040\000D\000e\000t\000a\000i\000l\000e\000d\000\040\000D\000e\000s\000c\000r\000i\000p\000t\000i\000o\000n}{section.5.7}% 71
\BOOKMARK [2][-]{subsection.5.7.2}{\376\377\0005\000.\0007\000.\0002\000\040\000F\000u\000n\000c\000t\000i\000o\000n\000\040\000D\000o\000c\000u\000m\000e\000n\000t\000a\000t\000i\000o\000n}{section.5.7}% 72
\BOOKMARK [3][-]{subsubsection.5.7.2.1}{\376\377\0005\000.\0007\000.\0002\000.\0001\000\040\000r\000r\000\137\000d\000e\000s\000c\000r\000i\000b\000e\000\137\000e\000m\000c\000y\000\137\000b\000i\000t\000\050\000\051}{subsection.5.7.2}% 73
\BOOKMARK [3][-]{subsubsection.5.7.2.2}{\376\377\0005\000.\0007\000.\0002\000.\0002\000\040\000r\000r\000\137\000d\000e\000s\000c\000r\000i\000b\000e\000\137\000e\000m\000c\000y\000\137\000c\000o\000d\000e\000\050\000\051}{subsection.5.7.2}% 74
\BOOKMARK [3][-]{subsubsection.5.7.2.3}{\376\377\0005\000.\0007\000.\0002\000.\0003\000\040\000r\000r\000\137\000r\000e\000a\000d\000\137\000e\000r\000r\000o\000r\000\137\000s\000t\000a\000t\000u\000s\000\050\000\051}{subsection.5.7.2}% 75
\BOOKMARK [3][-]{subsubsection.5.7.2.4}{\376\377\0005\000.\0007\000.\0002\000.\0004\000\040\000r\000r\000\137\000s\000e\000t\000u\000p\000\137\000e\000m\000c\000y\000\137\000c\000a\000l\000l\000b\000a\000c\000k\000\050\000\051}{subsection.5.7.2}% 76
\BOOKMARK [1][-]{section.5.8}{\376\377\0005\000.\0008\000\040\000D\000e\000b\000u\000g\000g\000i\000n\000g}{chapter.5}% 77
\BOOKMARK [2][-]{subsection.5.8.1}{\376\377\0005\000.\0008\000.\0001\000\040\000D\000e\000t\000a\000i\000l\000e\000d\000\040\000D\000e\000s\000c\000r\000i\000p\000t\000i\000o\000n}{section.5.8}% 78
\BOOKMARK [2][-]{subsection.5.8.2}{\376\377\0005\000.\0008\000.\0002\000\040\000F\000u\000n\000c\000t\000i\000o\000n\000\040\000D\000o\000c\000u\000m\000e\000n\000t\000a\000t\000i\000o\000n}{section.5.8}% 79
\BOOKMARK [3][-]{subsubsection.5.8.2.1}{\376\377\0005\000.\0008\000.\0002\000.\0001\000\040\000r\000r\000\137\000s\000e\000t\000\137\000c\000o\000m\000m\000\137\000l\000o\000g\000\137\000s\000t\000r\000e\000a\000m\000\050\000\051}{subsection.5.8.2}% 80
\BOOKMARK [3][-]{subsubsection.5.8.2.2}{\376\377\0005\000.\0008\000.\0002\000.\0002\000\040\000r\000r\000\137\000s\000e\000t\000\137\000d\000e\000b\000u\000g\000\137\000l\000o\000g\000\137\000s\000t\000r\000e\000a\000m\000\050\000\051}{subsection.5.8.2}% 81
\BOOKMARK [1][-]{section.5.9}{\376\377\0005\000.\0009\000\040\000A\000u\000x\000i\000l\000i\000a\000r\000y\000\040\000f\000u\000n\000c\000t\000i\000o\000n\000s}{chapter.5}% 82
\BOOKMARK [2][-]{subsection.5.9.1}{\376\377\0005\000.\0009\000.\0001\000\040\000D\000e\000t\000a\000i\000l\000e\000d\000\040\000D\000e\000s\000c\000r\000i\000p\000t\000i\000o\000n}{section.5.9}% 83
\BOOKMARK [2][-]{subsection.5.9.2}{\376\377\0005\000.\0009\000.\0002\000\040\000F\000u\000n\000c\000t\000i\000o\000n\000\040\000D\000o\000c\000u\000m\000e\000n\000t\000a\000t\000i\000o\000n}{section.5.9}% 84
\BOOKMARK [3][-]{subsubsection.5.9.2.1}{\376\377\0005\000.\0009\000.\0002\000.\0001\000\040\000r\000r\000\137\000s\000l\000e\000e\000p\000\137\000m\000s\000\050\000\051}{subsection.5.9.2}% 85
\BOOKMARK [1][-]{section.5.10}{\376\377\0005\000.\0001\0000\000\040\000S\000e\000r\000v\000o\000\040\000b\000o\000x\000\040\000s\000p\000e\000c\000s\000\040\000\046\000\040\000m\000a\000n\000u\000a\000l}{chapter.5}% 86
\BOOKMARK [2][-]{subsection.5.10.1}{\376\377\0005\000.\0001\0000\000.\0001\000\040\0001\000.\000\040\000P\000r\000o\000d\000u\000c\000t\000\040\000o\000v\000e\000r\000v\000i\000e\000w}{section.5.10}% 87
\BOOKMARK [2][-]{subsection.5.10.2}{\376\377\0005\000.\0001\0000\000.\0002\000\040\0002\000.\000\040\000I\000n\000t\000e\000g\000r\000a\000t\000i\000n\000g\000\040\000s\000e\000r\000v\000o\000s\000\040\000w\000i\000t\000h\000\040\000a\000\040\000p\000o\000w\000e\000r\000\040\000s\000u\000p\000p\000l\000y\000\040\000a\000n\000d\000\040\000a\000\040\000s\000e\000r\000v\000o\000b\000o\000x}{section.5.10}% 88
\BOOKMARK [3][-]{subsubsection.5.10.2.1}{\376\377\0005\000.\0001\0000\000.\0002\000.\0001\000\040\0002\000.\0001\000.\000\040\000P\000o\000w\000e\000r\000\040\000s\000u\000p\000p\000l\000y\000\040\000c\000o\000n\000n\000e\000c\000t\000i\000o\000n}{subsection.5.10.2}% 89
\BOOKMARK [3][-]{subsubsection.5.10.2.2}{\376\377\0005\000.\0001\0000\000.\0002\000.\0002\000\040\0002\000.\0002\000.\000\040\000C\000A\000N\000\040\000c\000o\000n\000n\000e\000c\000t\000i\000o\000n}{subsection.5.10.2}% 90
\BOOKMARK [2][-]{subsection.5.10.3}{\376\377\0005\000.\0001\0000\000.\0003\000\040\0003\000.\000\040\000S\000e\000r\000v\000o\000b\000o\000x\000\040\000c\000o\000m\000p\000o\000n\000e\000n\000t\000s}{section.5.10}% 91
\BOOKMARK [3][-]{subsubsection.5.10.3.1}{\376\377\0005\000.\0001\0000\000.\0003\000.\0001\000\040\0003\000.\0001\000\040\000E\000n\000e\000r\000g\000y\000\040\000e\000a\000t\000e\000r}{subsection.5.10.3}% 92
\BOOKMARK [3][-]{subsubsection.5.10.3.2}{\376\377\0005\000.\0001\0000\000.\0003\000.\0002\000\040\0003\000.\0002\000\040\000C\000a\000p\000a\000c\000i\000t\000o\000r\000\040\000m\000o\000d\000u\000l\000e}{subsection.5.10.3}% 93
\BOOKMARK [1][-]{section.5.11}{\376\377\0005\000.\0001\0001\000\040\000O\000n\000e\000\040\000s\000e\000r\000v\000o\000\040\000P\000V\000T\000\040\000m\000o\000v\000e}{chapter.5}% 94
\BOOKMARK [1][-]{section.5.12}{\376\377\0005\000.\0001\0002\000\040\000T\000w\000o\000\040\000s\000e\000r\000v\000o\000s\000\040\000P\000V\000T\000\040\000m\000o\000v\000e}{chapter.5}% 95
\BOOKMARK [1][-]{section.5.13}{\376\377\0005\000.\0001\0003\000\040\000T\000h\000r\000e\000e\000\040\000s\000e\000r\000v\000o\000s\000\040\000P\000V\000T\000\040\000m\000o\000v\000e}{chapter.5}% 96
\BOOKMARK [1][-]{section.5.14}{\376\377\0005\000.\0001\0004\000\040\000D\000e\000v\000i\000c\000e\000\040\000p\000a\000r\000a\000m\000e\000t\000e\000r\000\040\000c\000a\000c\000h\000e\000\040\000p\000r\000o\000g\000r\000a\000m\000m\000i\000n\000g\000\040\000a\000n\000d\000\040\000r\000e\000a\000d\000i\000n\000g}{chapter.5}% 97
\BOOKMARK [1][-]{section.5.15}{\376\377\0005\000.\0001\0005\000\040\000D\000e\000v\000i\000c\000e\000\040\000p\000a\000r\000a\000m\000e\000t\000e\000r\000s\000\040\000r\000e\000a\000d\000i\000n\000g}{chapter.5}% 98
\BOOKMARK [1][-]{section.5.16}{\376\377\0005\000.\0001\0006\000\040\000S\000e\000r\000v\000o\000\040\000P\000V\000T\000\040\000p\000o\000i\000n\000t\000\040\000c\000a\000l\000c\000u\000l\000a\000t\000i\000o\000n}{chapter.5}% 99
\BOOKMARK [1][-]{section.5.17}{\376\377\0005\000.\0001\0007\000\040\000R\000e\000a\000d\000i\000n\000g\000\040\000o\000f\000\040\000t\000h\000e\000\040\000m\000a\000x\000i\000m\000u\000m\000\040\000v\000e\000l\000o\000c\000i\000t\000y}{chapter.5}% 100
\BOOKMARK [1][-]{section.5.18}{\376\377\0005\000.\0001\0008\000\040\000R\000e\000a\000d\000i\000n\000g\000\040\000o\000f\000\040\000t\000h\000e\000\040\000m\000o\000t\000i\000o\000n\000\040\000q\000u\000e\000u\000e\000\040\000p\000a\000r\000a\000m\000e\000t\000e\000r\000s}{chapter.5}% 101
\BOOKMARK [1][-]{section.5.19}{\376\377\0005\000.\0001\0009\000\040\000R\000e\000a\000d\000i\000n\000g\000\040\000d\000e\000v\000i\000c\000e\000\040\000e\000r\000r\000o\000r\000s}{chapter.5}% 102
\BOOKMARK [0][-]{chapter.6}{\376\377\0006\000\040\000C\000l\000a\000s\000s\000\040\000D\000o\000c\000u\000m\000e\000n\000t\000a\000t\000i\000o\000n}{}% 103
\BOOKMARK [1][-]{section.6.1}{\376\377\0006\000.\0001\000\040\000p\000a\000r\000a\000m\000\137\000c\000a\000c\000h\000e\000\137\000e\000n\000t\000r\000y\000\137\000t\000\040\000S\000t\000r\000u\000c\000t\000\040\000R\000e\000f\000e\000r\000e\000n\000c\000e}{chapter.6}% 104
\BOOKMARK [2][-]{subsection.6.1.1}{\376\377\0006\000.\0001\000.\0001\000\040\000D\000e\000t\000a\000i\000l\000e\000d\000\040\000D\000e\000s\000c\000r\000i\000p\000t\000i\000o\000n}{section.6.1}% 105
\BOOKMARK [1][-]{section.6.2}{\376\377\0006\000.\0002\000\040\000r\000r\000\137\000c\000a\000n\000\137\000i\000n\000t\000e\000r\000f\000a\000c\000e\000\137\000t\000\040\000S\000t\000r\000u\000c\000t\000\040\000R\000e\000f\000e\000r\000e\000n\000c\000e}{chapter.6}% 106
\BOOKMARK [2][-]{subsection.6.2.1}{\376\377\0006\000.\0002\000.\0001\000\040\000D\000e\000t\000a\000i\000l\000e\000d\000\040\000D\000e\000s\000c\000r\000i\000p\000t\000i\000o\000n}{section.6.2}% 107
\BOOKMARK [1][-]{section.6.3}{\376\377\0006\000.\0003\000\040\000r\000r\000\137\000s\000e\000r\000v\000o\000\137\000t\000\040\000S\000t\000r\000u\000c\000t\000\040\000R\000e\000f\000e\000r\000e\000n\000c\000e}{chapter.6}% 108
\BOOKMARK [2][-]{subsection.6.3.1}{\376\377\0006\000.\0003\000.\0001\000\040\000D\000e\000t\000a\000i\000l\000e\000d\000\040\000D\000e\000s\000c\000r\000i\000p\000t\000i\000o\000n}{section.6.3}% 109
\BOOKMARK [0][-]{chapter.7}{\376\377\0007\000\040\000F\000i\000l\000e\000\040\000D\000o\000c\000u\000m\000e\000n\000t\000a\000t\000i\000o\000n}{}% 110
\BOOKMARK [1][-]{section.7.1}{\376\377\0007\000.\0001\000\040\000i\000n\000c\000l\000u\000d\000e\000/\000a\000p\000i\000.\000h\000\040\000F\000i\000l\000e\000\040\000R\000e\000f\000e\000r\000e\000n\000c\000e}{chapter.7}% 111
\BOOKMARK [2][-]{subsection.7.1.1}{\376\377\0007\000.\0001\000.\0001\000\040\000D\000e\000t\000a\000i\000l\000e\000d\000\040\000D\000e\000s\000c\000r\000i\000p\000t\000i\000o\000n}{section.7.1}% 112
\BOOKMARK [2][-]{subsection.7.1.2}{\376\377\0007\000.\0001\000.\0002\000\040\000T\000y\000p\000e\000d\000e\000f\000\040\000D\000o\000c\000u\000m\000e\000n\000t\000a\000t\000i\000o\000n}{section.7.1}% 113
\BOOKMARK [3][-]{subsubsection.7.1.2.1}{\376\377\0007\000.\0001\000.\0002\000.\0001\000\040\000r\000r\000\137\000e\000m\000c\000y\000\137\000c\000b\000\137\000t}{subsection.7.1.2}% 114
\BOOKMARK [3][-]{subsubsection.7.1.2.2}{\376\377\0007\000.\0001\000.\0002\000.\0002\000\040\000r\000r\000\137\000n\000m\000t\000\137\000c\000b\000\137\000t}{subsection.7.1.2}% 115
\BOOKMARK [2][-]{subsection.7.1.3}{\376\377\0007\000.\0001\000.\0003\000\040\000E\000n\000u\000m\000e\000r\000a\000t\000i\000o\000n\000\040\000T\000y\000p\000e\000\040\000D\000o\000c\000u\000m\000e\000n\000t\000a\000t\000i\000o\000n}{section.7.1}% 116
\BOOKMARK [3][-]{subsubsection.7.1.3.1}{\376\377\0007\000.\0001\000.\0003\000.\0001\000\040\000r\000r\000\137\000n\000m\000t\000\137\000s\000t\000a\000t\000e\000\137\000t}{subsection.7.1.3}% 117
\BOOKMARK [3][-]{subsubsection.7.1.3.2}{\376\377\0007\000.\0001\000.\0003\000.\0002\000\040\000r\000r\000\137\000r\000e\000t\000\137\000s\000t\000a\000t\000u\000s\000\137\000t}{subsection.7.1.3}% 118
\BOOKMARK [3][-]{subsubsection.7.1.3.3}{\376\377\0007\000.\0001\000.\0003\000.\0003\000\040\000r\000r\000\137\000s\000e\000r\000v\000o\000\137\000p\000a\000r\000a\000m\000\137\000t}{subsection.7.1.3}% 119
\BOOKMARK [1][-]{section.7.2}{\376\377\0007\000.\0002\000\040\000s\000r\000c\000/\000a\000p\000i\000.\000c\000\040\000F\000i\000l\000e\000\040\000R\000e\000f\000e\000r\000e\000n\000c\000e}{chapter.7}% 120
\BOOKMARK [2][-]{subsection.7.2.1}{\376\377\0007\000.\0002\000.\0001\000\040\000D\000e\000t\000a\000i\000l\000e\000d\000\040\000D\000e\000s\000c\000r\000i\000p\000t\000i\000o\000n}{section.7.2}% 121
\BOOKMARK [1][-]{section.7.3}{\376\377\0007\000.\0003\000\040\000t\000u\000t\000o\000r\000i\000a\000l\000/\000c\000o\000n\000t\000r\000o\000l\000\137\000s\000e\000r\000v\000o\000\137\000t\000r\000a\000j\000\137\0001\000.\000c\000\040\000F\000i\000l\000e\000\040\000R\000e\000f\000e\000r\000e\000n\000c\000e}{chapter.7}% 122
\BOOKMARK [2][-]{subsection.7.3.1}{\376\377\0007\000.\0003\000.\0001\000\040\000D\000e\000t\000a\000i\000l\000e\000d\000\040\000D\000e\000s\000c\000r\000i\000p\000t\000i\000o\000n}{section.7.3}% 123
\BOOKMARK [2][-]{subsection.7.3.2}{\376\377\0007\000.\0003\000.\0002\000\040\000F\000u\000n\000c\000t\000i\000o\000n\000\040\000D\000o\000c\000u\000m\000e\000n\000t\000a\000t\000i\000o\000n}{section.7.3}% 124
\BOOKMARK [3][-]{subsubsection.7.3.2.1}{\376\377\0007\000.\0003\000.\0002\000.\0001\000\040\000m\000a\000i\000n\000\050\000\051}{subsection.7.3.2}% 125
\BOOKMARK [1][-]{section.7.4}{\376\377\0007\000.\0004\000\040\000t\000u\000t\000o\000r\000i\000a\000l\000/\000c\000o\000n\000t\000r\000o\000l\000\137\000s\000e\000r\000v\000o\000\137\000t\000r\000a\000j\000\137\0002\000.\000c\000\040\000F\000i\000l\000e\000\040\000R\000e\000f\000e\000r\000e\000n\000c\000e}{chapter.7}% 126
\BOOKMARK [2][-]{subsection.7.4.1}{\376\377\0007\000.\0004\000.\0001\000\040\000D\000e\000t\000a\000i\000l\000e\000d\000\040\000D\000e\000s\000c\000r\000i\000p\000t\000i\000o\000n}{section.7.4}% 127
\BOOKMARK [2][-]{subsection.7.4.2}{\376\377\0007\000.\0004\000.\0002\000\040\000F\000u\000n\000c\000t\000i\000o\000n\000\040\000D\000o\000c\000u\000m\000e\000n\000t\000a\000t\000i\000o\000n}{section.7.4}% 128
\BOOKMARK [3][-]{subsubsection.7.4.2.1}{\376\377\0007\000.\0004\000.\0002\000.\0001\000\040\000m\000a\000i\000n\000\050\000\051}{subsection.7.4.2}% 129
\BOOKMARK [1][-]{section.7.5}{\376\377\0007\000.\0005\000\040\000t\000u\000t\000o\000r\000i\000a\000l\000/\000c\000o\000n\000t\000r\000o\000l\000\137\000s\000e\000r\000v\000o\000\137\000t\000r\000a\000j\000\137\0003\000.\000c\000\040\000F\000i\000l\000e\000\040\000R\000e\000f\000e\000r\000e\000n\000c\000e}{chapter.7}% 130
\BOOKMARK [2][-]{subsection.7.5.1}{\376\377\0007\000.\0005\000.\0001\000\040\000D\000e\000t\000a\000i\000l\000e\000d\000\040\000D\000e\000s\000c\000r\000i\000p\000t\000i\000o\000n}{section.7.5}% 131
\BOOKMARK [2][-]{subsection.7.5.2}{\376\377\0007\000.\0005\000.\0002\000\040\000F\000u\000n\000c\000t\000i\000o\000n\000\040\000D\000o\000c\000u\000m\000e\000n\000t\000a\000t\000i\000o\000n}{section.7.5}% 132
\BOOKMARK [3][-]{subsubsection.7.5.2.1}{\376\377\0007\000.\0005\000.\0002\000.\0001\000\040\000m\000a\000i\000n\000\050\000\051}{subsection.7.5.2}% 133
\BOOKMARK [1][-]{section.7.6}{\376\377\0007\000.\0006\000\040\000t\000u\000t\000o\000r\000i\000a\000l\000/\000r\000e\000a\000d\000\137\000a\000n\000y\000\137\000p\000a\000r\000a\000m\000.\000c\000\040\000F\000i\000l\000e\000\040\000R\000e\000f\000e\000r\000e\000n\000c\000e}{chapter.7}% 134
\BOOKMARK [2][-]{subsection.7.6.1}{\376\377\0007\000.\0006\000.\0001\000\040\000D\000e\000t\000a\000i\000l\000e\000d\000\040\000D\000e\000s\000c\000r\000i\000p\000t\000i\000o\000n}{section.7.6}% 135
\BOOKMARK [2][-]{subsection.7.6.2}{\376\377\0007\000.\0006\000.\0002\000\040\000F\000u\000n\000c\000t\000i\000o\000n\000\040\000D\000o\000c\000u\000m\000e\000n\000t\000a\000t\000i\000o\000n}{section.7.6}% 136
\BOOKMARK [3][-]{subsubsection.7.6.2.1}{\376\377\0007\000.\0006\000.\0002\000.\0001\000\040\000m\000a\000i\000n\000\050\000\051}{subsection.7.6.2}% 137
\BOOKMARK [1][-]{section.7.7}{\376\377\0007\000.\0007\000\040\000t\000u\000t\000o\000r\000i\000a\000l\000/\000r\000e\000a\000d\000\137\000a\000n\000y\000\137\000p\000a\000r\000a\000m\000\137\000c\000a\000c\000h\000e\000.\000c\000\040\000F\000i\000l\000e\000\040\000R\000e\000f\000e\000r\000e\000n\000c\000e}{chapter.7}% 138
\BOOKMARK [2][-]{subsection.7.7.1}{\376\377\0007\000.\0007\000.\0001\000\040\000D\000e\000t\000a\000i\000l\000e\000d\000\040\000D\000e\000s\000c\000r\000i\000p\000t\000i\000o\000n}{section.7.7}% 139
\BOOKMARK [2][-]{subsection.7.7.2}{\376\377\0007\000.\0007\000.\0002\000\040\000F\000u\000n\000c\000t\000i\000o\000n\000\040\000D\000o\000c\000u\000m\000e\000n\000t\000a\000t\000i\000o\000n}{section.7.7}% 140
\BOOKMARK [3][-]{subsubsection.7.7.2.1}{\376\377\0007\000.\0007\000.\0002\000.\0001\000\040\000m\000a\000i\000n\000\050\000\051}{subsection.7.7.2}% 141
\BOOKMARK [1][-]{section.7.8}{\376\377\0007\000.\0008\000\040\000t\000u\000t\000o\000r\000i\000a\000l\000/\000r\000e\000a\000d\000\137\000e\000r\000r\000o\000r\000s\000.\000c\000\040\000F\000i\000l\000e\000\040\000R\000e\000f\000e\000r\000e\000n\000c\000e}{chapter.7}% 142
\BOOKMARK [2][-]{subsection.7.8.1}{\376\377\0007\000.\0008\000.\0001\000\040\000D\000e\000t\000a\000i\000l\000e\000d\000\040\000D\000e\000s\000c\000r\000i\000p\000t\000i\000o\000n}{section.7.8}% 143
\BOOKMARK [2][-]{subsection.7.8.2}{\376\377\0007\000.\0008\000.\0002\000\040\000F\000u\000n\000c\000t\000i\000o\000n\000\040\000D\000o\000c\000u\000m\000e\000n\000t\000a\000t\000i\000o\000n}{section.7.8}% 144
\BOOKMARK [3][-]{subsubsection.7.8.2.1}{\376\377\0007\000.\0008\000.\0002\000.\0001\000\040\000m\000a\000i\000n\000\050\000\051}{subsection.7.8.2}% 145
\BOOKMARK [1][-]{section.7.9}{\376\377\0007\000.\0009\000\040\000t\000u\000t\000o\000r\000i\000a\000l\000/\000r\000e\000a\000d\000\137\000s\000e\000r\000v\000o\000\137\000m\000a\000x\000\137\000v\000e\000l\000o\000c\000i\000t\000y\000.\000c\000\040\000F\000i\000l\000e\000\040\000R\000e\000f\000e\000r\000e\000n\000c\000e}{chapter.7}% 146
\BOOKMARK [2][-]{subsection.7.9.1}{\376\377\0007\000.\0009\000.\0001\000\040\000D\000e\000t\000a\000i\000l\000e\000d\000\040\000D\000e\000s\000c\000r\000i\000p\000t\000i\000o\000n}{section.7.9}% 147
\BOOKMARK [2][-]{subsection.7.9.2}{\376\377\0007\000.\0009\000.\0002\000\040\000F\000u\000n\000c\000t\000i\000o\000n\000\040\000D\000o\000c\000u\000m\000e\000n\000t\000a\000t\000i\000o\000n}{section.7.9}% 148
\BOOKMARK [3][-]{subsubsection.7.9.2.1}{\376\377\0007\000.\0009\000.\0002\000.\0001\000\040\000m\000a\000i\000n\000\050\000\051}{subsection.7.9.2}% 149
\BOOKMARK [1][-]{section.7.10}{\376\377\0007\000.\0001\0000\000\040\000t\000u\000t\000o\000r\000i\000a\000l\000/\000r\000e\000a\000d\000\137\000s\000e\000r\000v\000o\000\137\000m\000o\000t\000i\000o\000n\000\137\000q\000u\000e\000u\000e\000.\000c\000\040\000F\000i\000l\000e\000\040\000R\000e\000f\000e\000r\000e\000n\000c\000e}{chapter.7}% 150
\BOOKMARK [2][-]{subsection.7.10.1}{\376\377\0007\000.\0001\0000\000.\0001\000\040\000D\000e\000t\000a\000i\000l\000e\000d\000\040\000D\000e\000s\000c\000r\000i\000p\000t\000i\000o\000n}{section.7.10}% 151
\BOOKMARK [2][-]{subsection.7.10.2}{\376\377\0007\000.\0001\0000\000.\0002\000\040\000F\000u\000n\000c\000t\000i\000o\000n\000\040\000D\000o\000c\000u\000m\000e\000n\000t\000a\000t\000i\000o\000n}{section.7.10}% 152
\BOOKMARK [3][-]{subsubsection.7.10.2.1}{\376\377\0007\000.\0001\0000\000.\0002\000.\0001\000\040\000m\000a\000i\000n\000\050\000\051}{subsection.7.10.2}% 153
\BOOKMARK [1][-]{section.7.11}{\376\377\0007\000.\0001\0001\000\040\000t\000u\000t\000o\000r\000i\000a\000l\000/\000r\000e\000a\000d\000\137\000s\000e\000r\000v\000o\000\137\000t\000r\000a\000j\000e\000c\000t\000o\000r\000y\000\137\000t\000i\000m\000e\000.\000c\000\040\000F\000i\000l\000e\000\040\000R\000e\000f\000e\000r\000e\000n\000c\000e}{chapter.7}% 154
\BOOKMARK [2][-]{subsection.7.11.1}{\376\377\0007\000.\0001\0001\000.\0001\000\040\000D\000e\000t\000a\000i\000l\000e\000d\000\040\000D\000e\000s\000c\000r\000i\000p\000t\000i\000o\000n}{section.7.11}% 155
\BOOKMARK [2][-]{subsection.7.11.2}{\376\377\0007\000.\0001\0001\000.\0002\000\040\000F\000u\000n\000c\000t\000i\000o\000n\000\040\000D\000o\000c\000u\000m\000e\000n\000t\000a\000t\000i\000o\000n}{section.7.11}% 156
\BOOKMARK [3][-]{subsubsection.7.11.2.1}{\376\377\0007\000.\0001\0001\000.\0002\000.\0001\000\040\000m\000a\000i\000n\000\050\000\051}{subsection.7.11.2}% 157
\BOOKMARK [1][-]{section.7.12}{\376\377\0007\000.\0001\0002\000\040\000t\000u\000t\000o\000r\000i\000a\000l\000/\000t\000u\000t\000o\000r\000i\000a\000l\000.\000h\000\040\000F\000i\000l\000e\000\040\000R\000e\000f\000e\000r\000e\000n\000c\000e}{chapter.7}% 158
\BOOKMARK [2][-]{subsection.7.12.1}{\376\377\0007\000.\0001\0002\000.\0001\000\040\000D\000e\000t\000a\000i\000l\000e\000d\000\040\000D\000e\000s\000c\000r\000i\000p\000t\000i\000o\000n}{section.7.12}% 159
\BOOKMARK [1][-]{section.7.13}{\376\377\0007\000.\0001\0003\000\040\000/\000m\000n\000t\000/\000h\000d\000d\000/\000h\000o\000m\000e\000/\000m\000a\000k\000s\000i\000m\000k\000a\000t\000k\000o\000u\000/\000w\000o\000r\000k\000/\000r\000r\000-\000g\000i\000t\000/\000U\000s\000e\000r\000A\000P\000I\000/\000h\000w\000/\000d\000o\000c\000.\000c\000\040\000F\000i\000l\000e\000\040\000R\000e\000f\000e\000r\000e\000n\000c\000e}{chapter.7}% 160
\BOOKMARK [2][-]{subsection.7.13.1}{\376\377\0007\000.\0001\0003\000.\0001\000\040\000D\000e\000t\000a\000i\000l\000e\000d\000\040\000D\000e\000s\000c\000r\000i\000p\000t\000i\000o\000n}{section.7.13}% 161
\BOOKMARK [0][-]{section*.30}{\376\377\000I\000n\000d\000e\000x}{}% 162
